<?xml version="1.0" encoding="UTF-8"?>
<!-- Generated by org.testng.reporters.JUnitXMLReporter -->
<testsuite hostname="DESKTOP-7B2H7EG" ignored="3" name="Default test" tests="1" failures="0" timestamp="26 Aug 2019 06:19:28 GMT" time="2.753" errors="0">
  <testcase name="projectCreationByAPI" time="2.729" classname="Assignments.Astro_MobileAutomation.TestMobileApi"/>
  <testcase name="projectCreationByMobile" time="0.0" classname="Assignments.Astro_MobileAutomation.TestMobileApi">
    <ignored/>
  </testcase> <!-- projectCreationByMobile -->
  <testcase name="verifyProjectinAPI" time="0.0" classname="Assignments.Astro_MobileAutomation.TestMobileApi">
    <ignored/>
  </testcase> <!-- verifyProjectinAPI -->
  <testcase name="verifyProjectinMobile" time="0.0" classname="Assignments.Astro_MobileAutomation.TestMobileApi">
    <ignored/>
  </testcase> <!-- verifyProjectinMobile -->
</testsuite> <!-- Default test -->
