<?xml version="1.0" encoding="UTF-8"?>
<testng-results skipped="0" failed="1" ignored="2" total="3" passed="0">
  <reporter-output>
  </reporter-output>
  <suite name="Default suite" duration-ms="37689" started-at="2019-08-26T14:01:22Z" finished-at="2019-08-26T14:02:00Z">
    <groups>
    </groups>
    <test name="Default test" duration-ms="37689" started-at="2019-08-26T14:01:22Z" finished-at="2019-08-26T14:02:00Z">
      <class name="Assignments.Astro_MobileAutomation.TestMobileApi">
        <test-method status="PASS" signature="startServer()[pri:0, instance:Assignments.Astro_MobileAutomation.TestMobileApi@4566e5bd]" name="startServer" is-config="true" duration-ms="10021" started-at="2019-08-26T14:01:22Z" finished-at="2019-08-26T14:01:32Z">
          <reporter-output>
          </reporter-output>
        </test-method> <!-- startServer -->
        <test-method status="PASS" signature="beforeTest()[pri:0, instance:Assignments.Astro_MobileAutomation.TestMobileApi@4566e5bd]" name="beforeTest" is-config="true" duration-ms="0" started-at="2019-08-26T14:01:32Z" depends-on-methods="Assignments.Astro_MobileAutomation.AppiumBase.startServer" finished-at="2019-08-26T14:01:32Z">
          <reporter-output>
          </reporter-output>
        </test-method> <!-- beforeTest -->
        <test-method status="FAIL" signature="projectCreationByMobileVerifiedByAPI()[pri:0, instance:Assignments.Astro_MobileAutomation.TestMobileApi@4566e5bd]" name="projectCreationByMobileVerifiedByAPI" duration-ms="27640" started-at="2019-08-26T14:01:32Z" description="Verify that project created in mobile application is verified by API successfully" finished-at="2019-08-26T14:02:00Z">
          <exception class="org.openqa.selenium.WebDriverException">
            <message>
              <![CDATA[An unknown server-side error occurred while processing the command. Original error: Must provide a selector when finding elements
Build info: version: '3.141.59', revision: 'e82be7d358', time: '2018-11-14T08:17:03'
System info: host: 'DESKTOP-7B2H7EG', ip: '192.168.100.42', os.name: 'Windows 10', os.arch: 'amd64', os.version: '10.0', java.version: '1.8.0_191'
Driver info: io.appium.java_client.android.AndroidDriver
Capabilities {appActivity: com.todoist.activity.HomeAc..., appPackage: com.todoist, autoGrantPermissions : true, databaseEnabled: false, desired: {appActivity: com.todoist.activity.HomeAc..., appPackage: com.todoist, autoGrantPermissions : true, deviceName: 5569a9b7d740, disableAndroidWatchers: true, ignoreUnimportantViews: true, newCommandTimeout: 2400, noReset: true, platformName: android, skipDeviceInitialization: true, skipUnlock: true, systemPort: 8202, udid: 5569a9b7d740}, deviceManufacturer: Xiaomi, deviceModel: Redmi 4A, deviceName: 5569a9b7d740, deviceScreenSize: 720x1280, deviceUDID: 5569a9b7d740, disableAndroidWatchers: true, ignoreUnimportantViews: true, javascriptEnabled: true, locationContextEnabled: false, networkConnectionEnabled: true, newCommandTimeout: 2400, noReset: true, platform: LINUX, platformName: Android, platformVersion: 7.1.2, skipDeviceInitialization: true, skipUnlock: true, systemPort: 8202, takesScreenshot: true, udid: 5569a9b7d740, warnings: {}, webStorageEnabled: false}
Session ID: 71114023-27a3-46d6-82a2-6922255e9084
*** Element info: {Using=id, value=}]]>
            </message>
            <full-stacktrace>
              <![CDATA[org.openqa.selenium.WebDriverException: An unknown server-side error occurred while processing the command. Original error: Must provide a selector when finding elements
Build info: version: '3.141.59', revision: 'e82be7d358', time: '2018-11-14T08:17:03'
System info: host: 'DESKTOP-7B2H7EG', ip: '192.168.100.42', os.name: 'Windows 10', os.arch: 'amd64', os.version: '10.0', java.version: '1.8.0_191'
Driver info: io.appium.java_client.android.AndroidDriver
Capabilities {appActivity: com.todoist.activity.HomeAc..., appPackage: com.todoist, autoGrantPermissions : true, databaseEnabled: false, desired: {appActivity: com.todoist.activity.HomeAc..., appPackage: com.todoist, autoGrantPermissions : true, deviceName: 5569a9b7d740, disableAndroidWatchers: true, ignoreUnimportantViews: true, newCommandTimeout: 2400, noReset: true, platformName: android, skipDeviceInitialization: true, skipUnlock: true, systemPort: 8202, udid: 5569a9b7d740}, deviceManufacturer: Xiaomi, deviceModel: Redmi 4A, deviceName: 5569a9b7d740, deviceScreenSize: 720x1280, deviceUDID: 5569a9b7d740, disableAndroidWatchers: true, ignoreUnimportantViews: true, javascriptEnabled: true, locationContextEnabled: false, networkConnectionEnabled: true, newCommandTimeout: 2400, noReset: true, platform: LINUX, platformName: Android, platformVersion: 7.1.2, skipDeviceInitialization: true, skipUnlock: true, systemPort: 8202, takesScreenshot: true, udid: 5569a9b7d740, warnings: {}, webStorageEnabled: false}
Session ID: 71114023-27a3-46d6-82a2-6922255e9084
*** Element info: {Using=id, value=}
at sun.reflect.NativeConstructorAccessorImpl.newInstance0(Native Method)
at sun.reflect.NativeConstructorAccessorImpl.newInstance(NativeConstructorAccessorImpl.java:62)
at sun.reflect.DelegatingConstructorAccessorImpl.newInstance(DelegatingConstructorAccessorImpl.java:45)
at java.lang.reflect.Constructor.newInstance(Constructor.java:423)
at org.openqa.selenium.remote.http.W3CHttpResponseCodec.createException(W3CHttpResponseCodec.java:187)
at org.openqa.selenium.remote.http.W3CHttpResponseCodec.decode(W3CHttpResponseCodec.java:122)
at org.openqa.selenium.remote.http.W3CHttpResponseCodec.decode(W3CHttpResponseCodec.java:49)
at org.openqa.selenium.remote.HttpCommandExecutor.execute(HttpCommandExecutor.java:158)
at io.appium.java_client.remote.AppiumCommandExecutor.execute(AppiumCommandExecutor.java:239)
at org.openqa.selenium.remote.RemoteWebDriver.execute(RemoteWebDriver.java:548)
at io.appium.java_client.DefaultGenericMobileDriver.execute(DefaultGenericMobileDriver.java:41)
at io.appium.java_client.AppiumDriver.execute(AppiumDriver.java:1)
at io.appium.java_client.android.AndroidDriver.execute(AndroidDriver.java:1)
at org.openqa.selenium.remote.RemoteWebDriver.findElement(RemoteWebDriver.java:322)
at io.appium.java_client.DefaultGenericMobileDriver.findElement(DefaultGenericMobileDriver.java:61)
at io.appium.java_client.AppiumDriver.findElement(AppiumDriver.java:1)
at io.appium.java_client.android.AndroidDriver.findElement(AndroidDriver.java:1)
at org.openqa.selenium.remote.RemoteWebDriver.findElementById(RemoteWebDriver.java:368)
at io.appium.java_client.DefaultGenericMobileDriver.findElementById(DefaultGenericMobileDriver.java:69)
at io.appium.java_client.AppiumDriver.findElementById(AppiumDriver.java:1)
at io.appium.java_client.android.AndroidDriver.findElementById(AndroidDriver.java:1)
at org.openqa.selenium.By$ById.findElement(By.java:188)
at org.openqa.selenium.remote.RemoteWebDriver.findElement(RemoteWebDriver.java:314)
at io.appium.java_client.DefaultGenericMobileDriver.findElement(DefaultGenericMobileDriver.java:57)
at io.appium.java_client.AppiumDriver.findElement(AppiumDriver.java:1)
at io.appium.java_client.android.AndroidDriver.findElement(AndroidDriver.java:1)
at org.openqa.selenium.support.pagefactory.DefaultElementLocator.findElement(DefaultElementLocator.java:69)
at org.openqa.selenium.support.pagefactory.internal.LocatingElementHandler.invoke(LocatingElementHandler.java:38)
at com.sun.proxy.$Proxy9.click(Unknown Source)
at com.todoist.en.mobile.Mobile_HomePage.clickMenuButton(Mobile_HomePage.java:43)
at Assignments.Astro_MobileAutomation.TestMobileApi.projectCreationByMobileVerifiedByAPI(TestMobileApi.java:136)
at sun.reflect.NativeMethodAccessorImpl.invoke0(Native Method)
at sun.reflect.NativeMethodAccessorImpl.invoke(NativeMethodAccessorImpl.java:62)
at sun.reflect.DelegatingMethodAccessorImpl.invoke(DelegatingMethodAccessorImpl.java:43)
at java.lang.reflect.Method.invoke(Method.java:498)
at org.testng.internal.MethodInvocationHelper.invokeMethod(MethodInvocationHelper.java:124)
at org.testng.internal.Invoker.invokeMethod(Invoker.java:583)
at org.testng.internal.Invoker.invokeTestMethod(Invoker.java:719)
at org.testng.internal.Invoker.invokeTestMethods(Invoker.java:989)
at org.testng.internal.TestMethodWorker.invokeTestMethods(TestMethodWorker.java:125)
at org.testng.internal.TestMethodWorker.run(TestMethodWorker.java:109)
at org.testng.TestRunner.privateRun(TestRunner.java:648)
at org.testng.TestRunner.run(TestRunner.java:505)
at org.testng.SuiteRunner.runTest(SuiteRunner.java:455)
at org.testng.SuiteRunner.runSequentially(SuiteRunner.java:450)
at org.testng.SuiteRunner.privateRun(SuiteRunner.java:415)
at org.testng.SuiteRunner.run(SuiteRunner.java:364)
at org.testng.SuiteRunnerWorker.runSuite(SuiteRunnerWorker.java:52)
at org.testng.SuiteRunnerWorker.run(SuiteRunnerWorker.java:84)
at org.testng.TestNG.runSuitesSequentially(TestNG.java:1208)
at org.testng.TestNG.runSuitesLocally(TestNG.java:1137)
at org.testng.TestNG.runSuites(TestNG.java:1049)
at org.testng.TestNG.run(TestNG.java:1017)
at org.testng.remote.AbstractRemoteTestNG.run(AbstractRemoteTestNG.java:115)
at org.testng.remote.RemoteTestNG.initAndRun(RemoteTestNG.java:251)
at org.testng.remote.RemoteTestNG.main(RemoteTestNG.java:77)
]]>
            </full-stacktrace>
          </exception> <!-- org.openqa.selenium.WebDriverException -->
          <reporter-output>
          </reporter-output>
        </test-method> <!-- projectCreationByMobileVerifiedByAPI -->
        <test-method status="PASS" signature="stopServer()[pri:0, instance:Assignments.Astro_MobileAutomation.TestMobileApi@4566e5bd]" name="stopServer" is-config="true" duration-ms="10" started-at="2019-08-26T14:02:00Z" finished-at="2019-08-26T14:02:00Z">
          <reporter-output>
          </reporter-output>
        </test-method> <!-- stopServer -->
      </class> <!-- Assignments.Astro_MobileAutomation.TestMobileApi -->
    </test> <!-- Default test -->
  </suite> <!-- Default suite -->
</testng-results>
