<?xml version="1.0" encoding="UTF-8"?>
<testng-results skipped="0" failed="0" ignored="3" total="4" passed="1">
  <reporter-output>
  </reporter-output>
  <suite name="Default suite" duration-ms="2753" started-at="2019-08-26T06:19:25Z" finished-at="2019-08-26T06:19:28Z">
    <groups>
    </groups>
    <test name="Default test" duration-ms="2753" started-at="2019-08-26T06:19:25Z" finished-at="2019-08-26T06:19:28Z">
      <class name="Assignments.Astro_MobileAutomation.TestMobileApi">
        <test-method status="PASS" signature="beforeTest()[pri:0, instance:Assignments.Astro_MobileAutomation.TestMobileApi@3043fe0e]" name="beforeTest" is-config="true" duration-ms="8" started-at="2019-08-26T06:19:25Z" finished-at="2019-08-26T06:19:25Z">
          <reporter-output>
          </reporter-output>
        </test-method> <!-- beforeTest -->
        <test-method status="PASS" signature="projectCreationByAPI()[pri:0, instance:Assignments.Astro_MobileAutomation.TestMobileApi@3043fe0e]" name="projectCreationByAPI" duration-ms="2729" started-at="2019-08-26T06:19:25Z" finished-at="2019-08-26T06:19:28Z">
          <reporter-output>
          </reporter-output>
        </test-method> <!-- projectCreationByAPI -->
      </class> <!-- Assignments.Astro_MobileAutomation.TestMobileApi -->
    </test> <!-- Default test -->
  </suite> <!-- Default suite -->
</testng-results>
